\BOOKMARK [0][-]{chapter.1}{\376\377\0001\000\040\000P\000l\000u\000n\000g\000e\000r\000\040\000f\000i\000r\000m\000w\000a\000r\000e}{}% 1
\BOOKMARK [1][-]{section.1.1}{\376\377\0001\000.\0001\000\040\000I\000n\000t\000r\000o\000d\000u\000c\000t\000i\000o\000n}{chapter.1}% 2
\BOOKMARK [1][-]{section.1.2}{\376\377\0001\000.\0002\000\040\000d\000e\000p\000e\000n\000d\000e\000n\000c\000i\000e\000s}{chapter.1}% 3
\BOOKMARK [1][-]{section.1.3}{\376\377\0001\000.\0003\000\040\000A\000u\000t\000h\000o\000r}{chapter.1}% 4
\BOOKMARK [1][-]{section.1.4}{\376\377\0001\000.\0004\000\040\000L\000i\000c\000e\000n\000s\000e}{chapter.1}% 5
\BOOKMARK [1][-]{section.1.5}{\376\377\0001\000.\0005\000\040\000F\000l\000o\000w\000\040\000c\000h\000a\000r\000t\000\040\000o\000f\000\040\000t\000h\000e\000\040\000p\000r\000o\000j\000e\000c\000t}{chapter.1}% 6
\BOOKMARK [1][-]{section.1.6}{\376\377\0001\000.\0006\000\040\000H\000I\000S\000T\000O\000R\000Y}{chapter.1}% 7
\BOOKMARK [0][-]{chapter.2}{\376\377\0002\000\040\000F\000i\000l\000e\000\040\000I\000n\000d\000e\000x}{}% 8
\BOOKMARK [1][-]{section.2.1}{\376\377\0002\000.\0001\000\040\000F\000i\000l\000e\000\040\000L\000i\000s\000t}{chapter.2}% 9
\BOOKMARK [0][-]{chapter.3}{\376\377\0003\000\040\000F\000i\000l\000e\000\040\000D\000o\000c\000u\000m\000e\000n\000t\000a\000t\000i\000o\000n}{}% 10
\BOOKMARK [1][-]{section.3.1}{\376\377\0003\000.\0001\000\040\000b\000u\000t\000t\000o\000n\000/\000b\000u\000t\000t\000o\000n\000.\000c\000p\000p\000\040\000F\000i\000l\000e\000\040\000R\000e\000f\000e\000r\000e\000n\000c\000e}{chapter.3}% 11
\BOOKMARK [2][-]{subsection.3.1.1}{\376\377\0003\000.\0001\000.\0001\000\040\000D\000e\000t\000a\000i\000l\000e\000d\000\040\000D\000e\000s\000c\000r\000i\000p\000t\000i\000o\000n}{section.3.1}% 12
\BOOKMARK [2][-]{subsection.3.1.2}{\376\377\0003\000.\0001\000.\0002\000\040\000F\000u\000n\000c\000t\000i\000o\000n\000\040\000D\000o\000c\000u\000m\000e\000n\000t\000a\000t\000i\000o\000n}{section.3.1}% 13
\BOOKMARK [3][-]{subsubsection.3.1.2.1}{\376\377\0003\000.\0001\000.\0002\000.\0001\000\040\000d\000o\000u\000b\000l\000e\000P\000r\000e\000s\000s\000H\000a\000n\000d\000l\000e\000r\000\050\000\051}{subsection.3.1.2}% 14
\BOOKMARK [3][-]{subsubsection.3.1.2.2}{\376\377\0003\000.\0001\000.\0002\000.\0002\000\040\000l\000o\000n\000g\000P\000r\000e\000s\000s\000H\000a\000n\000d\000l\000e\000r\000\050\000\051}{subsection.3.1.2}% 15
\BOOKMARK [3][-]{subsubsection.3.1.2.3}{\376\377\0003\000.\0001\000.\0002\000.\0003\000\040\000s\000i\000n\000g\000l\000e\000P\000r\000e\000s\000s\000H\000a\000n\000d\000l\000e\000r\000\050\000\051}{subsection.3.1.2}% 16
\BOOKMARK [1][-]{section.3.2}{\376\377\0003\000.\0002\000\040\000b\000u\000t\000t\000o\000n\000/\000b\000u\000t\000t\000o\000n\000.\000h\000\040\000F\000i\000l\000e\000\040\000R\000e\000f\000e\000r\000e\000n\000c\000e}{chapter.3}% 17
\BOOKMARK [2][-]{subsection.3.2.1}{\376\377\0003\000.\0002\000.\0001\000\040\000D\000e\000t\000a\000i\000l\000e\000d\000\040\000D\000e\000s\000c\000r\000i\000p\000t\000i\000o\000n}{section.3.2}% 18
\BOOKMARK [2][-]{subsection.3.2.2}{\376\377\0003\000.\0002\000.\0002\000\040\000F\000u\000n\000c\000t\000i\000o\000n\000\040\000D\000o\000c\000u\000m\000e\000n\000t\000a\000t\000i\000o\000n}{section.3.2}% 19
\BOOKMARK [3][-]{subsubsection.3.2.2.1}{\376\377\0003\000.\0002\000.\0002\000.\0001\000\040\000d\000o\000u\000b\000l\000e\000P\000r\000e\000s\000s\000H\000a\000n\000d\000l\000e\000r\000\050\000\051}{subsection.3.2.2}% 20
\BOOKMARK [3][-]{subsubsection.3.2.2.2}{\376\377\0003\000.\0002\000.\0002\000.\0002\000\040\000l\000o\000n\000g\000P\000r\000e\000s\000s\000H\000a\000n\000d\000l\000e\000r\000\050\000\051}{subsection.3.2.2}% 21
\BOOKMARK [3][-]{subsubsection.3.2.2.3}{\376\377\0003\000.\0002\000.\0002\000.\0003\000\040\000s\000i\000n\000g\000l\000e\000P\000r\000e\000s\000s\000H\000a\000n\000d\000l\000e\000r\000\050\000\051}{subsection.3.2.2}% 22
\BOOKMARK [1][-]{section.3.3}{\376\377\0003\000.\0003\000\040\000b\000u\000t\000t\000o\000n\000.\000h}{chapter.3}% 23
\BOOKMARK [1][-]{section.3.4}{\376\377\0003\000.\0004\000\040\000a\000r\000i\000m\000o\0001\0002\000.\000h}{chapter.3}% 24
\BOOKMARK [1][-]{section.3.5}{\376\377\0003\000.\0005\000\040\000a\000r\000i\000m\000o\0009\000.\000h}{chapter.3}% 25
\BOOKMARK [1][-]{section.3.6}{\376\377\0003\000.\0006\000\040\000c\000u\000s\000t\000o\000m\000\137\000f\000o\000n\000t\000s\000.\000h}{chapter.3}% 26
\BOOKMARK [1][-]{section.3.7}{\376\377\0003\000.\0007\000\040\000d\000i\000a\000l\000o\000g\0001\0002\000.\000h}{chapter.3}% 27
\BOOKMARK [1][-]{section.3.8}{\376\377\0003\000.\0008\000\040\000d\000i\000a\000l\000o\000g\0009\000.\000h}{chapter.3}% 28
\BOOKMARK [1][-]{section.3.9}{\376\377\0003\000.\0009\000\040\000g\000o\000t\000h\000i\000c\0001\0002\000.\000h}{chapter.3}% 29
\BOOKMARK [1][-]{section.3.10}{\376\377\0003\000.\0001\0000\000\040\000g\000o\000t\000h\000i\000c\0009\000.\000h}{chapter.3}% 30
\BOOKMARK [1][-]{section.3.11}{\376\377\0003\000.\0001\0001\000\040\000m\000o\000n\000o\0001\0002\000.\000h}{chapter.3}% 31
\BOOKMARK [1][-]{section.3.12}{\376\377\0003\000.\0001\0002\000\040\000m\000o\000n\000o\0009\000.\000h}{chapter.3}% 32
\BOOKMARK [1][-]{section.3.13}{\376\377\0003\000.\0001\0003\000\040\000o\000p\000e\000n\000s\000a\000n\000s\0001\0002\000.\000h}{chapter.3}% 33
\BOOKMARK [1][-]{section.3.14}{\376\377\0003\000.\0001\0004\000\040\000o\000p\000e\000n\000s\000a\000n\000s\0009\000.\000h}{chapter.3}% 34
\BOOKMARK [1][-]{section.3.15}{\376\377\0003\000.\0001\0005\000\040\000r\000o\000b\000o\000t\000o\0001\0002\000.\000h}{chapter.3}% 35
\BOOKMARK [1][-]{section.3.16}{\376\377\0003\000.\0001\0006\000\040\000r\000o\000b\000o\000t\000o\0009\000.\000h}{chapter.3}% 36
\BOOKMARK [1][-]{section.3.17}{\376\377\0003\000.\0001\0007\000\040\000S\000a\000n\000s\000S\000e\000r\000i\000f\0001\0002\000.\000h}{chapter.3}% 37
\BOOKMARK [1][-]{section.3.18}{\376\377\0003\000.\0001\0008\000\040\000S\000a\000n\000s\000S\000e\000r\000i\000f\0009\000.\000h}{chapter.3}% 38
\BOOKMARK [1][-]{section.3.19}{\376\377\0003\000.\0001\0009\000\040\000s\000e\000r\000i\000f\0001\0002\000.\000h}{chapter.3}% 39
\BOOKMARK [1][-]{section.3.20}{\376\377\0003\000.\0002\0000\000\040\000s\000e\000r\000i\000f\0009\000.\000h}{chapter.3}% 40
\BOOKMARK [1][-]{section.3.21}{\376\377\0003\000.\0002\0001\000\040\000g\000l\000o\000b\000a\000l\000s\000/\000g\000l\000o\000b\000a\000l\000s\000.\000c\000p\000p\000\040\000F\000i\000l\000e\000\040\000R\000e\000f\000e\000r\000e\000n\000c\000e}{chapter.3}% 41
\BOOKMARK [2][-]{subsection.3.21.1}{\376\377\0003\000.\0002\0001\000.\0001\000\040\000D\000e\000t\000a\000i\000l\000e\000d\000\040\000D\000e\000s\000c\000r\000i\000p\000t\000i\000o\000n}{section.3.21}% 42
\BOOKMARK [2][-]{subsection.3.21.2}{\376\377\0003\000.\0002\0001\000.\0002\000\040\000V\000a\000r\000i\000a\000b\000l\000e\000\040\000D\000o\000c\000u\000m\000e\000n\000t\000a\000t\000i\000o\000n}{section.3.21}% 43
\BOOKMARK [3][-]{subsubsection.3.21.2.1}{\376\377\0003\000.\0002\0001\000.\0002\000.\0001\000\040\000b\000a\000c\000k\000g\000r\000o\000u\000n\000d\000c\000o\000l\000o\000r\000s}{subsection.3.21.2}% 44
\BOOKMARK [3][-]{subsubsection.3.21.2.2}{\376\377\0003\000.\0002\0001\000.\0002\000.\0002\000\040\000b\000a\000c\000k\000g\000r\000o\000u\000n\000d\000p\000o\000s\000s\000i\000b\000l\000e\000C\000o\000l\000o\000r\000s}{subsection.3.21.2}% 45
\BOOKMARK [3][-]{subsubsection.3.21.2.3}{\376\377\0003\000.\0002\0001\000.\0002\000.\0003\000\040\000c\000e\000n\000t\000e\000r\000X}{subsection.3.21.2}% 46
\BOOKMARK [3][-]{subsubsection.3.21.2.4}{\376\377\0003\000.\0002\0001\000.\0002\000.\0004\000\040\000c\000o\000l\000o\000r\000m\000e\000n\000u\000A\000r\000r\000a\000y}{subsection.3.21.2}% 47
\BOOKMARK [3][-]{subsubsection.3.21.2.5}{\376\377\0003\000.\0002\0001\000.\0002\000.\0005\000\040\000c\000u\000r\000r\000e\000n\000t\000M\000e\000n\000u}{subsection.3.21.2}% 48
\BOOKMARK [3][-]{subsubsection.3.21.2.6}{\376\377\0003\000.\0002\0001\000.\0002\000.\0006\000\040\000D\000I\000R\000\137\000P\000I\000N}{subsection.3.21.2}% 49
\BOOKMARK [3][-]{subsubsection.3.21.2.7}{\376\377\0003\000.\0002\0001\000.\0002\000.\0007\000\040\000i\000m\000a\000g\000e\000s\000\137\000m\000a\000i\000n}{subsection.3.21.2}% 50
\BOOKMARK [3][-]{subsubsection.3.21.2.8}{\376\377\0003\000.\0002\0001\000.\0002\000.\0008\000\040\000l\000a\000s\000t\000C\000l\000k}{subsection.3.21.2}% 51
\BOOKMARK [3][-]{subsubsection.3.21.2.9}{\376\377\0003\000.\0002\0001\000.\0002\000.\0009\000\040\000L\000O\000O\000P\000\137\000T\000I\000C\000K\000S}{subsection.3.21.2}% 52
\BOOKMARK [3][-]{subsubsection.3.21.2.10}{\376\377\0003\000.\0002\0001\000.\0002\000.\0001\0000\000\040\000m\000e\000n\000u\000I\000n\000d\000e\000x}{subsection.3.21.2}% 53
\BOOKMARK [3][-]{subsubsection.3.21.2.11}{\376\377\0003\000.\0002\0001\000.\0002\000.\0001\0001\000\040\000m\000i\000n\000B\000r\000i\000g\000h\000t\000n\000e\000s\000s}{subsection.3.21.2}% 54
\BOOKMARK [3][-]{subsubsection.3.21.2.12}{\376\377\0003\000.\0002\0001\000.\0002\000.\0001\0002\000\040\000p\000o\000s\000s\000i\000b\000l\000e\000F\000o\000n\000t\0001\0002}{subsection.3.21.2}% 55
\BOOKMARK [3][-]{subsubsection.3.21.2.13}{\376\377\0003\000.\0002\0001\000.\0002\000.\0001\0003\000\040\000s\000c\000r\000e\000e\000n\000O\000n}{subsection.3.21.2}% 56
\BOOKMARK [3][-]{subsubsection.3.21.2.14}{\376\377\0003\000.\0002\0001\000.\0002\000.\0001\0004\000\040\000s\000c\000r\000e\000e\000n\000U\000p\000d\000a\000t\000e\000Q\000u\000e\000u\000e}{subsection.3.21.2}% 57
\BOOKMARK [3][-]{subsubsection.3.21.2.15}{\376\377\0003\000.\0002\0001\000.\0002\000.\0001\0005\000\040\000s\000e\000l\000e\000c\000t\000e\000d\000B\000a\000c\000k\000g\000r\000o\000u\000n\000d\000C\000o\000l\000o\000r}{subsection.3.21.2}% 58
\BOOKMARK [1][-]{section.3.22}{\376\377\0003\000.\0002\0002\000\040\000g\000l\000o\000b\000a\000l\000s\000/\000g\000l\000o\000b\000a\000l\000s\000.\000h\000\040\000F\000i\000l\000e\000\040\000R\000e\000f\000e\000r\000e\000n\000c\000e}{chapter.3}% 59
\BOOKMARK [2][-]{subsection.3.22.1}{\376\377\0003\000.\0002\0002\000.\0001\000\040\000D\000e\000t\000a\000i\000l\000e\000d\000\040\000D\000e\000s\000c\000r\000i\000p\000t\000i\000o\000n}{section.3.22}% 60
\BOOKMARK [2][-]{subsection.3.22.2}{\376\377\0003\000.\0002\0002\000.\0002\000\040\000E\000n\000u\000m\000e\000r\000a\000t\000i\000o\000n\000\040\000T\000y\000p\000e\000\040\000D\000o\000c\000u\000m\000e\000n\000t\000a\000t\000i\000o\000n}{section.3.22}% 61
\BOOKMARK [3][-]{subsubsection.3.22.2.1}{\376\377\0003\000.\0002\0002\000.\0002\000.\0001\000\040\000M\000e\000n\000u\000S\000t\000a\000t\000e}{subsection.3.22.2}% 62
\BOOKMARK [3][-]{subsubsection.3.22.2.2}{\376\377\0003\000.\0002\0002\000.\0002\000.\0002\000\040\000S\000c\000r\000e\000e\000n\000U\000p\000d\000a\000t\000e\000C\000o\000m\000m\000a\000n\000d}{subsection.3.22.2}% 63
\BOOKMARK [2][-]{subsection.3.22.3}{\376\377\0003\000.\0002\0002\000.\0003\000\040\000V\000a\000r\000i\000a\000b\000l\000e\000\040\000D\000o\000c\000u\000m\000e\000n\000t\000a\000t\000i\000o\000n}{section.3.22}% 64
\BOOKMARK [3][-]{subsubsection.3.22.3.1}{\376\377\0003\000.\0002\0002\000.\0003\000.\0001\000\040\000b\000a\000c\000k\000g\000r\000o\000u\000n\000d\000c\000o\000l\000o\000r\000s}{subsection.3.22.3}% 65
\BOOKMARK [3][-]{subsubsection.3.22.3.2}{\376\377\0003\000.\0002\0002\000.\0003\000.\0002\000\040\000b\000a\000c\000k\000g\000r\000o\000u\000n\000d\000p\000o\000s\000s\000i\000b\000l\000e\000C\000o\000l\000o\000r\000s}{subsection.3.22.3}% 66
\BOOKMARK [3][-]{subsubsection.3.22.3.3}{\376\377\0003\000.\0002\0002\000.\0003\000.\0003\000\040\000c\000e\000n\000t\000e\000r\000X}{subsection.3.22.3}% 67
\BOOKMARK [3][-]{subsubsection.3.22.3.4}{\376\377\0003\000.\0002\0002\000.\0003\000.\0004\000\040\000c\000o\000l\000o\000r\000m\000e\000n\000u\000A\000r\000r\000a\000y}{subsection.3.22.3}% 68
\BOOKMARK [3][-]{subsubsection.3.22.3.5}{\376\377\0003\000.\0002\0002\000.\0003\000.\0005\000\040\000c\000u\000r\000r\000e\000n\000t\000M\000e\000n\000u}{subsection.3.22.3}% 69
\BOOKMARK [3][-]{subsubsection.3.22.3.6}{\376\377\0003\000.\0002\0002\000.\0003\000.\0006\000\040\000D\000I\000R\000\137\000P\000I\000N}{subsection.3.22.3}% 70
\BOOKMARK [3][-]{subsubsection.3.22.3.7}{\376\377\0003\000.\0002\0002\000.\0003\000.\0007\000\040\000i\000m\000a\000g\000e\000s\000\137\000m\000a\000i\000n}{subsection.3.22.3}% 71
\BOOKMARK [3][-]{subsubsection.3.22.3.8}{\376\377\0003\000.\0002\0002\000.\0003\000.\0008\000\040\000l\000a\000s\000t\000C\000l\000k}{subsection.3.22.3}% 72
\BOOKMARK [3][-]{subsubsection.3.22.3.9}{\376\377\0003\000.\0002\0002\000.\0003\000.\0009\000\040\000L\000O\000O\000P\000\137\000T\000I\000C\000K\000S}{subsection.3.22.3}% 73
\BOOKMARK [3][-]{subsubsection.3.22.3.10}{\376\377\0003\000.\0002\0002\000.\0003\000.\0001\0000\000\040\000m\000e\000n\000u\000I\000n\000d\000e\000x}{subsection.3.22.3}% 74
\BOOKMARK [3][-]{subsubsection.3.22.3.11}{\376\377\0003\000.\0002\0002\000.\0003\000.\0001\0001\000\040\000m\000i\000n\000B\000r\000i\000g\000h\000t\000n\000e\000s\000s}{subsection.3.22.3}% 75
\BOOKMARK [3][-]{subsubsection.3.22.3.12}{\376\377\0003\000.\0002\0002\000.\0003\000.\0001\0002\000\040\000p\000o\000s\000s\000i\000b\000l\000e\000F\000o\000n\000t\0001\0002}{subsection.3.22.3}% 76
\BOOKMARK [3][-]{subsubsection.3.22.3.13}{\376\377\0003\000.\0002\0002\000.\0003\000.\0001\0003\000\040\000s\000c\000r\000e\000e\000n\000O\000n}{subsection.3.22.3}% 77
\BOOKMARK [3][-]{subsubsection.3.22.3.14}{\376\377\0003\000.\0002\0002\000.\0003\000.\0001\0004\000\040\000s\000c\000r\000e\000e\000n\000U\000p\000d\000a\000t\000e\000Q\000u\000e\000u\000e}{subsection.3.22.3}% 78
\BOOKMARK [3][-]{subsubsection.3.22.3.15}{\376\377\0003\000.\0002\0002\000.\0003\000.\0001\0005\000\040\000s\000e\000l\000e\000c\000t\000e\000d\000B\000a\000c\000k\000g\000r\000o\000u\000n\000d\000C\000o\000l\000o\000r}{subsection.3.22.3}% 79
\BOOKMARK [1][-]{section.3.23}{\376\377\0003\000.\0002\0003\000\040\000g\000l\000o\000b\000a\000l\000s\000.\000h}{chapter.3}% 80
\BOOKMARK [1][-]{section.3.24}{\376\377\0003\000.\0002\0004\000\040\000G\000U\000I\000/\000G\000U\000I\000.\000c\000p\000p\000\040\000F\000i\000l\000e\000\040\000R\000e\000f\000e\000r\000e\000n\000c\000e}{chapter.3}% 81
\BOOKMARK [2][-]{subsection.3.24.1}{\376\377\0003\000.\0002\0004\000.\0001\000\040\000D\000e\000t\000a\000i\000l\000e\000d\000\040\000D\000e\000s\000c\000r\000i\000p\000t\000i\000o\000n}{section.3.24}% 82
\BOOKMARK [2][-]{subsection.3.24.2}{\376\377\0003\000.\0002\0004\000.\0002\000\040\000F\000u\000n\000c\000t\000i\000o\000n\000\040\000D\000o\000c\000u\000m\000e\000n\000t\000a\000t\000i\000o\000n}{section.3.24}% 83
\BOOKMARK [3][-]{subsubsection.3.24.2.1}{\376\377\0003\000.\0002\0004\000.\0002\000.\0001\000\040\000d\000r\000a\000w\000B\000r\000i\000g\000h\000t\000n\000e\000s\000s\000B\000a\000r\000\050\000\051}{subsection.3.24.2}% 84
\BOOKMARK [3][-]{subsubsection.3.24.2.2}{\376\377\0003\000.\0002\0004\000.\0002\000.\0002\000\040\000d\000r\000a\000w\000D\000i\000a\000l\000M\000a\000r\000k\000s\000\050\000\051}{subsection.3.24.2}% 85
\BOOKMARK [3][-]{subsubsection.3.24.2.3}{\376\377\0003\000.\0002\0004\000.\0002\000.\0003\000\040\000d\000r\000a\000w\000N\000e\000e\000d\000l\000e\000\050\000\051}{subsection.3.24.2}% 86
\BOOKMARK [3][-]{subsubsection.3.24.2.4}{\376\377\0003\000.\0002\0004\000.\0002\000.\0004\000\040\000d\000r\000a\000w\000S\000e\000l\000e\000c\000t\000i\000o\000n\000B\000a\000r\000\050\000\051}{subsection.3.24.2}% 87
\BOOKMARK [3][-]{subsubsection.3.24.2.5}{\376\377\0003\000.\0002\0004\000.\0002\000.\0005\000\040\000p\000r\000i\000n\000t\000D\000a\000t\000e\000T\000i\000m\000e\000\050\000\051}{subsection.3.24.2}% 88
\BOOKMARK [3][-]{subsubsection.3.24.2.6}{\376\377\0003\000.\0002\0004\000.\0002\000.\0006\000\040\000s\000e\000t\000B\000r\000i\000g\000h\000t\000n\000e\000s\000s\000\050\000\051}{subsection.3.24.2}% 89
\BOOKMARK [3][-]{subsubsection.3.24.2.7}{\376\377\0003\000.\0002\0004\000.\0002\000.\0007\000\040\000u\000p\000d\000a\000t\000e\000D\000i\000a\000l\000\050\000\051}{subsection.3.24.2}% 90
\BOOKMARK [1][-]{section.3.25}{\376\377\0003\000.\0002\0005\000\040\000G\000U\000I\000/\000G\000U\000I\000.\000h\000\040\000F\000i\000l\000e\000\040\000R\000e\000f\000e\000r\000e\000n\000c\000e}{chapter.3}% 91
\BOOKMARK [2][-]{subsection.3.25.1}{\376\377\0003\000.\0002\0005\000.\0001\000\040\000D\000e\000t\000a\000i\000l\000e\000d\000\040\000D\000e\000s\000c\000r\000i\000p\000t\000i\000o\000n}{section.3.25}% 92
\BOOKMARK [2][-]{subsection.3.25.2}{\376\377\0003\000.\0002\0005\000.\0002\000\040\000F\000u\000n\000c\000t\000i\000o\000n\000\040\000D\000o\000c\000u\000m\000e\000n\000t\000a\000t\000i\000o\000n}{section.3.25}% 93
\BOOKMARK [3][-]{subsubsection.3.25.2.1}{\376\377\0003\000.\0002\0005\000.\0002\000.\0001\000\040\000d\000r\000a\000w\000B\000r\000i\000g\000h\000t\000n\000e\000s\000s\000B\000a\000r\000\050\000\051}{subsection.3.25.2}% 94
\BOOKMARK [3][-]{subsubsection.3.25.2.2}{\376\377\0003\000.\0002\0005\000.\0002\000.\0002\000\040\000d\000r\000a\000w\000D\000i\000a\000l\000M\000a\000r\000k\000s\000\050\000\051}{subsection.3.25.2}% 95
\BOOKMARK [3][-]{subsubsection.3.25.2.3}{\376\377\0003\000.\0002\0005\000.\0002\000.\0003\000\040\000d\000r\000a\000w\000N\000e\000e\000d\000l\000e\000\050\000\051}{subsection.3.25.2}% 96
\BOOKMARK [3][-]{subsubsection.3.25.2.4}{\376\377\0003\000.\0002\0005\000.\0002\000.\0004\000\040\000d\000r\000a\000w\000S\000e\000l\000e\000c\000t\000i\000o\000n\000B\000a\000r\000\050\000\051}{subsection.3.25.2}% 97
\BOOKMARK [3][-]{subsubsection.3.25.2.5}{\376\377\0003\000.\0002\0005\000.\0002\000.\0005\000\040\000p\000r\000i\000n\000t\000D\000a\000t\000e\000T\000i\000m\000e\000\050\000\051}{subsection.3.25.2}% 98
\BOOKMARK [3][-]{subsubsection.3.25.2.6}{\376\377\0003\000.\0002\0005\000.\0002\000.\0006\000\040\000s\000e\000t\000B\000r\000i\000g\000h\000t\000n\000e\000s\000s\000\050\000\051}{subsection.3.25.2}% 99
\BOOKMARK [3][-]{subsubsection.3.25.2.7}{\376\377\0003\000.\0002\0005\000.\0002\000.\0007\000\040\000u\000p\000d\000a\000t\000e\000D\000i\000a\000l\000\050\000\051}{subsection.3.25.2}% 100
\BOOKMARK [1][-]{section.3.26}{\376\377\0003\000.\0002\0006\000\040\000G\000U\000I\000.\000h}{chapter.3}% 101
\BOOKMARK [1][-]{section.3.27}{\376\377\0003\000.\0002\0007\000\040\000a\000u\000t\000o\000m\000a\000t\000i\000c\000\137\000i\000c\000o\000n\000.\000h}{chapter.3}% 102
\BOOKMARK [1][-]{section.3.28}{\376\377\0003\000.\0002\0008\000\040\000b\000r\000i\000g\000h\000t\000n\000e\000s\000s\000\137\000i\000c\000o\000n\000.\000h}{chapter.3}% 103
\BOOKMARK [1][-]{section.3.29}{\376\377\0003\000.\0002\0009\000\040\000c\000o\000l\000o\000r\000\137\000i\000c\000o\000n\000.\000h}{chapter.3}% 104
\BOOKMARK [1][-]{section.3.30}{\376\377\0003\000.\0003\0000\000\040\000e\000m\000p\000t\000y\000\137\000s\000u\000n\000.\000h}{chapter.3}% 105
\BOOKMARK [1][-]{section.3.31}{\376\377\0003\000.\0003\0001\000\040\000e\000t\000h\000e\000r\000n\000e\000t\000\137\000a\000c\000t\000i\000v\000e\000.\000h}{chapter.3}% 106
\BOOKMARK [1][-]{section.3.32}{\376\377\0003\000.\0003\0002\000\040\000e\000t\000h\000e\000r\000n\000e\000t\000\137\000i\000c\000o\000n\000.\000h}{chapter.3}% 107
\BOOKMARK [1][-]{section.3.33}{\376\377\0003\000.\0003\0003\000\040\000f\000o\000n\000t\000\137\000i\000c\000o\000n\000.\000h}{chapter.3}% 108
\BOOKMARK [1][-]{section.3.34}{\376\377\0003\000.\0003\0004\000\040\000f\000u\000l\000l\000\137\000s\000u\000n\000.\000h}{chapter.3}% 109
\BOOKMARK [1][-]{section.3.35}{\376\377\0003\000.\0003\0005\000\040\000g\000r\000a\000n\000a\000s\000a\000t\000\137\000l\000o\000g\000o\000.\000h}{chapter.3}% 110
\BOOKMARK [1][-]{section.3.36}{\376\377\0003\000.\0003\0006\000\040\000i\000m\000a\000g\000e\000s\000.\000h}{chapter.3}% 111
\BOOKMARK [1][-]{section.3.37}{\376\377\0003\000.\0003\0007\000\040\000m\000a\000n\000u\000a\000l\000\137\000i\000c\000o\000n\000.\000h}{chapter.3}% 112
\BOOKMARK [1][-]{section.3.38}{\376\377\0003\000.\0003\0008\000\040\000s\000e\000t\000t\000i\000n\000g\000s\000\137\000i\000c\000o\000n\000.\000h}{chapter.3}% 113
\BOOKMARK [1][-]{section.3.39}{\376\377\0003\000.\0003\0009\000\040\000s\000t\000e\000p\000\137\000i\000c\000o\000n\000.\000h}{chapter.3}% 114
\BOOKMARK [1][-]{section.3.40}{\376\377\0003\000.\0004\0000\000\040\000l\000i\000b\000r\000a\000r\000i\000e\000s\000.\000h\000\040\000F\000i\000l\000e\000\040\000R\000e\000f\000e\000r\000e\000n\000c\000e}{chapter.3}% 115
\BOOKMARK [2][-]{subsection.3.40.1}{\376\377\0003\000.\0004\0000\000.\0001\000\040\000D\000e\000t\000a\000i\000l\000e\000d\000\040\000D\000e\000s\000c\000r\000i\000p\000t\000i\000o\000n}{section.3.40}% 116
\BOOKMARK [1][-]{section.3.41}{\376\377\0003\000.\0004\0001\000\040\000l\000i\000b\000r\000a\000r\000i\000e\000s\000.\000h}{chapter.3}% 117
\BOOKMARK [1][-]{section.3.42}{\376\377\0003\000.\0004\0002\000\040\000m\000a\000i\000n\000.\000c\000p\000p\000\040\000F\000i\000l\000e\000\040\000R\000e\000f\000e\000r\000e\000n\000c\000e}{chapter.3}% 118
\BOOKMARK [2][-]{subsection.3.42.1}{\376\377\0003\000.\0004\0002\000.\0001\000\040\000D\000e\000t\000a\000i\000l\000e\000d\000\040\000D\000e\000s\000c\000r\000i\000p\000t\000i\000o\000n}{section.3.42}% 119
\BOOKMARK [2][-]{subsection.3.42.2}{\376\377\0003\000.\0004\0002\000.\0002\000\040\000F\000u\000n\000c\000t\000i\000o\000n\000\040\000D\000o\000c\000u\000m\000e\000n\000t\000a\000t\000i\000o\000n}{section.3.42}% 120
\BOOKMARK [3][-]{subsubsection.3.42.2.1}{\376\377\0003\000.\0004\0002\000.\0002\000.\0001\000\040\000l\000o\000o\000p\000\050\000\051}{subsection.3.42.2}% 121
\BOOKMARK [1][-]{section.3.43}{\376\377\0003\000.\0004\0003\000\040\000m\000o\000t\000o\000r\000/\000m\000o\000t\000o\000r\000.\000c\000p\000p\000\040\000F\000i\000l\000e\000\040\000R\000e\000f\000e\000r\000e\000n\000c\000e}{chapter.3}% 122
\BOOKMARK [2][-]{subsection.3.43.1}{\376\377\0003\000.\0004\0003\000.\0001\000\040\000D\000e\000t\000a\000i\000l\000e\000d\000\040\000D\000e\000s\000c\000r\000i\000p\000t\000i\000o\000n}{section.3.43}% 123
\BOOKMARK [2][-]{subsection.3.43.2}{\376\377\0003\000.\0004\0003\000.\0002\000\040\000F\000u\000n\000c\000t\000i\000o\000n\000\040\000D\000o\000c\000u\000m\000e\000n\000t\000a\000t\000i\000o\000n}{section.3.43}% 124
\BOOKMARK [3][-]{subsubsection.3.43.2.1}{\376\377\0003\000.\0004\0003\000.\0002\000.\0001\000\040\000m\000o\000v\000e\000M\000o\000t\000o\000r\000\050\000\051}{subsection.3.43.2}% 125
\BOOKMARK [1][-]{section.3.44}{\376\377\0003\000.\0004\0004\000\040\000m\000o\000t\000o\000r\000/\000m\000o\000t\000o\000r\000.\000h\000\040\000F\000i\000l\000e\000\040\000R\000e\000f\000e\000r\000e\000n\000c\000e}{chapter.3}% 126
\BOOKMARK [2][-]{subsection.3.44.1}{\376\377\0003\000.\0004\0004\000.\0001\000\040\000D\000e\000t\000a\000i\000l\000e\000d\000\040\000D\000e\000s\000c\000r\000i\000p\000t\000i\000o\000n}{section.3.44}% 127
\BOOKMARK [2][-]{subsection.3.44.2}{\376\377\0003\000.\0004\0004\000.\0002\000\040\000F\000u\000n\000c\000t\000i\000o\000n\000\040\000D\000o\000c\000u\000m\000e\000n\000t\000a\000t\000i\000o\000n}{section.3.44}% 128
\BOOKMARK [3][-]{subsubsection.3.44.2.1}{\376\377\0003\000.\0004\0004\000.\0002\000.\0001\000\040\000m\000o\000v\000e\000M\000o\000t\000o\000r\000\050\000\051}{subsection.3.44.2}% 129
\BOOKMARK [1][-]{section.3.45}{\376\377\0003\000.\0004\0005\000\040\000m\000o\000t\000o\000r\000.\000h}{chapter.3}% 130
\BOOKMARK [1][-]{section.3.46}{\376\377\0003\000.\0004\0006\000\040\000p\000r\000o\000j\000e\000c\000t\000\137\000t\000a\000s\000k\000s\000/\000p\000r\000o\000j\000e\000c\000t\000T\000a\000s\000k\000s\000.\000c\000p\000p\000\040\000F\000i\000l\000e\000\040\000R\000e\000f\000e\000r\000e\000n\000c\000e}{chapter.3}% 131
\BOOKMARK [2][-]{subsection.3.46.1}{\376\377\0003\000.\0004\0006\000.\0001\000\040\000D\000e\000t\000a\000i\000l\000e\000d\000\040\000D\000e\000s\000c\000r\000i\000p\000t\000i\000o\000n}{section.3.46}% 132
\BOOKMARK [2][-]{subsection.3.46.2}{\376\377\0003\000.\0004\0006\000.\0002\000\040\000F\000u\000n\000c\000t\000i\000o\000n\000\040\000D\000o\000c\000u\000m\000e\000n\000t\000a\000t\000i\000o\000n}{section.3.46}% 133
\BOOKMARK [3][-]{subsubsection.3.46.2.1}{\376\377\0003\000.\0004\0006\000.\0002\000.\0001\000\040\000m\000o\000t\000o\000r\000T\000a\000s\000k\000\050\000\051}{subsection.3.46.2}% 134
\BOOKMARK [3][-]{subsubsection.3.46.2.2}{\376\377\0003\000.\0004\0006\000.\0002\000.\0002\000\040\000r\000o\000t\000a\000r\000y\000m\000o\000t\000o\000r\000T\000a\000s\000k\000\050\000\051}{subsection.3.46.2}% 135
\BOOKMARK [3][-]{subsubsection.3.46.2.3}{\376\377\0003\000.\0004\0006\000.\0002\000.\0003\000\040\000t\000a\000s\000k\000B\000u\000t\000t\000o\000n\000P\000r\000e\000s\000s\000\050\000\051}{subsection.3.46.2}% 136
\BOOKMARK [3][-]{subsubsection.3.46.2.4}{\376\377\0003\000.\0004\0006\000.\0002\000.\0004\000\040\000t\000a\000s\000k\000E\000n\000c\000o\000d\000e\000r\000\050\000\051}{subsection.3.46.2}% 137
\BOOKMARK [3][-]{subsubsection.3.46.2.5}{\376\377\0003\000.\0004\0006\000.\0002\000.\0005\000\040\000t\000a\000s\000k\000E\000t\000h\000e\000r\000n\000e\000t\000\050\000\051}{subsection.3.46.2}% 138
\BOOKMARK [3][-]{subsubsection.3.46.2.6}{\376\377\0003\000.\0004\0006\000.\0002\000.\0006\000\040\000t\000a\000s\000k\000S\000c\000r\000e\000e\000n\000T\000i\000m\000e\000o\000u\000t\000\050\000\051}{subsection.3.46.2}% 139
\BOOKMARK [3][-]{subsubsection.3.46.2.7}{\376\377\0003\000.\0004\0006\000.\0002\000.\0007\000\040\000t\000a\000s\000k\000S\000h\000o\000w\000T\000i\000m\000e\000\050\000\051}{subsection.3.46.2}% 140
\BOOKMARK [3][-]{subsubsection.3.46.2.8}{\376\377\0003\000.\0004\0006\000.\0002\000.\0008\000\040\000t\000a\000s\000k\000S\000t\000a\000r\000t\000S\000c\000r\000e\000e\000n\000\050\000\051}{subsection.3.46.2}% 141
\BOOKMARK [3][-]{subsubsection.3.46.2.9}{\376\377\0003\000.\0004\0006\000.\0002\000.\0009\000\040\000t\000a\000s\000k\000U\000p\000d\000a\000t\000e\000S\000c\000r\000e\000e\000n\000\050\000\051}{subsection.3.46.2}% 142
\BOOKMARK [1][-]{section.3.47}{\376\377\0003\000.\0004\0007\000\040\000p\000r\000o\000j\000e\000c\000t\000\137\000t\000a\000s\000k\000s\000/\000p\000r\000o\000j\000e\000c\000t\000T\000a\000s\000k\000s\000.\000h\000\040\000F\000i\000l\000e\000\040\000R\000e\000f\000e\000r\000e\000n\000c\000e}{chapter.3}% 143
\BOOKMARK [2][-]{subsection.3.47.1}{\376\377\0003\000.\0004\0007\000.\0001\000\040\000D\000e\000t\000a\000i\000l\000e\000d\000\040\000D\000e\000s\000c\000r\000i\000p\000t\000i\000o\000n}{section.3.47}% 144
\BOOKMARK [2][-]{subsection.3.47.2}{\376\377\0003\000.\0004\0007\000.\0002\000\040\000F\000u\000n\000c\000t\000i\000o\000n\000\040\000D\000o\000c\000u\000m\000e\000n\000t\000a\000t\000i\000o\000n}{section.3.47}% 145
\BOOKMARK [3][-]{subsubsection.3.47.2.1}{\376\377\0003\000.\0004\0007\000.\0002\000.\0001\000\040\000m\000o\000t\000o\000r\000T\000a\000s\000k\000\050\000\051}{subsection.3.47.2}% 146
\BOOKMARK [3][-]{subsubsection.3.47.2.2}{\376\377\0003\000.\0004\0007\000.\0002\000.\0002\000\040\000r\000o\000t\000a\000r\000y\000m\000o\000t\000o\000r\000T\000a\000s\000k\000\050\000\051}{subsection.3.47.2}% 147
\BOOKMARK [3][-]{subsubsection.3.47.2.3}{\376\377\0003\000.\0004\0007\000.\0002\000.\0003\000\040\000t\000a\000s\000k\000B\000u\000t\000t\000o\000n\000P\000r\000e\000s\000s\000\050\000\051}{subsection.3.47.2}% 148
\BOOKMARK [3][-]{subsubsection.3.47.2.4}{\376\377\0003\000.\0004\0007\000.\0002\000.\0004\000\040\000t\000a\000s\000k\000E\000n\000c\000o\000d\000e\000r\000\050\000\051}{subsection.3.47.2}% 149
\BOOKMARK [3][-]{subsubsection.3.47.2.5}{\376\377\0003\000.\0004\0007\000.\0002\000.\0005\000\040\000t\000a\000s\000k\000E\000t\000h\000e\000r\000n\000e\000t\000\050\000\051}{subsection.3.47.2}% 150
\BOOKMARK [3][-]{subsubsection.3.47.2.6}{\376\377\0003\000.\0004\0007\000.\0002\000.\0006\000\040\000t\000a\000s\000k\000S\000c\000r\000e\000e\000n\000T\000i\000m\000e\000o\000u\000t\000\050\000\051}{subsection.3.47.2}% 151
\BOOKMARK [3][-]{subsubsection.3.47.2.7}{\376\377\0003\000.\0004\0007\000.\0002\000.\0007\000\040\000t\000a\000s\000k\000S\000h\000o\000w\000T\000i\000m\000e\000\050\000\051}{subsection.3.47.2}% 152
\BOOKMARK [3][-]{subsubsection.3.47.2.8}{\376\377\0003\000.\0004\0007\000.\0002\000.\0008\000\040\000t\000a\000s\000k\000S\000t\000a\000r\000t\000S\000c\000r\000e\000e\000n\000\050\000\051}{subsection.3.47.2}% 153
\BOOKMARK [3][-]{subsubsection.3.47.2.9}{\376\377\0003\000.\0004\0007\000.\0002\000.\0009\000\040\000t\000a\000s\000k\000U\000p\000d\000a\000t\000e\000S\000c\000r\000e\000e\000n\000\050\000\051}{subsection.3.47.2}% 154
\BOOKMARK [1][-]{section.3.48}{\376\377\0003\000.\0004\0008\000\040\000p\000r\000o\000j\000e\000c\000t\000T\000a\000s\000k\000s\000.\000h}{chapter.3}% 155
\BOOKMARK [1][-]{section.3.49}{\376\377\0003\000.\0004\0009\000\040\000s\000e\000t\000u\000p\000/\000s\000e\000t\000u\000p\000.\000h\000\040\000F\000i\000l\000e\000\040\000R\000e\000f\000e\000r\000e\000n\000c\000e}{chapter.3}% 156
\BOOKMARK [2][-]{subsection.3.49.1}{\376\377\0003\000.\0004\0009\000.\0001\000\040\000D\000e\000t\000a\000i\000l\000e\000d\000\040\000D\000e\000s\000c\000r\000i\000p\000t\000i\000o\000n}{section.3.49}% 157
\BOOKMARK [2][-]{subsection.3.49.2}{\376\377\0003\000.\0004\0009\000.\0002\000\040\000F\000u\000n\000c\000t\000i\000o\000n\000\040\000D\000o\000c\000u\000m\000e\000n\000t\000a\000t\000i\000o\000n}{section.3.49}% 158
\BOOKMARK [3][-]{subsubsection.3.49.2.1}{\376\377\0003\000.\0004\0009\000.\0002\000.\0001\000\040\000s\000e\000t\000u\000p\000\050\000\051}{subsection.3.49.2}% 159
\BOOKMARK [1][-]{section.3.50}{\376\377\0003\000.\0005\0000\000\040\000s\000e\000t\000u\000p\000.\000h}{chapter.3}% 160
\BOOKMARK [0][-]{section*.16}{\376\377\000I\000n\000d\000e\000x}{}% 161
